{
  "stats": {
    "suites": 1,
    "tests": 1,
    "passes": 1,
    "pending": 0,
    "failures": 0,
    "start": "2025-11-05T05:32:37.784Z",
    "end": "2025-11-05T05:32:37.787Z",
    "duration": 3,
    "testsRegistered": 1,
    "passPercent": 100,
    "pendingPercent": 0,
    "other": 0,
    "hasOther": false,
    "skipped": 0,
    "hasSkipped": false
  },
  "results": [
    {
      "uuid": "3912356b-a5dd-47a3-8eee-761ba15ff90f",
      "title": "",
      "fullFile": "/home/runner/work/to-paprika/to-paprika/test/lib/index.ts",
      "file": "/test/lib/index.ts",
      "beforeHooks": [],
      "afterHooks": [],
      "tests": [],
      "suites": [
        {
          "uuid": "807dac0a-c04d-469c-a2cd-fffc040d29cd",
          "title": "Example",
          "fullFile": "/home/runner/work/to-paprika/to-paprika/test/lib/index.ts",
          "file": "/test/lib/index.ts",
          "beforeHooks": [],
          "afterHooks": [],
          "tests": [
            {
              "title": "should work",
              "fullTitle": "Example should work",
              "timedOut": false,
              "duration": 0,
              "state": "passed",
              "speed": "fast",
              "pass": true,
              "fail": false,
              "pending": false,
              "context": null,
              "code": "assert.ok(true)",
              "err": {},
              "uuid": "2d5a308b-581b-4891-9c75-46a89b4954bf",
              "parentUUID": "807dac0a-c04d-469c-a2cd-fffc040d29cd",
              "isHook": false,
              "skipped": false
            }
          ],
          "suites": [],
          "passes": [
            "2d5a308b-581b-4891-9c75-46a89b4954bf"
          ],
          "failures": [],
          "pending": [],
          "skipped": [],
          "duration": 0,
          "root": false,
          "rootEmpty": false,
          "_timeout": 2000
        }
      ],
      "passes": [],
      "failures": [],
      "pending": [],
      "skipped": [],
      "duration": 0,
      "root": true,
      "rootEmpty": true,
      "_timeout": 2000
    }
  ],
  "meta": {
    "mocha": {
      "version": "10.6.0"
    },
    "mochawesome": {
      "options": {
        "quiet": false,
        "reportFilename": "mochawesome",
        "saveHtml": true,
        "saveJson": true,
        "consoleReporter": "spec",
        "useInlineDiffs": false,
        "code": true
      },
      "version": "7.1.3"
    },
    "marge": {
      "options": null,
      "version": "6.2.0"
    }
  }
}